Build target 'Infantry'
assembling startup_stm32f407xx.s...
compiling main.c...
compiling gpio.c...
compiling freertos.c...
compiling can.c...
compiling dma.c...
compiling i2c.c...
compiling spi.c...
compiling tim.c...
compiling usart.c...
compiling stm32f4xx_it.c...
compiling stm32f4xx_hal_msp.c...
compiling stm32f4xx_hal_timebase_tim.c...
compiling bsp_can.c...
compiling bsp_delay.c...
compiling bsp_flash.c...
compiling bsp_gpio.c...
compiling bsp_i2c.c...
compiling bsp_uart.c...
..\BSP\Src\bsp_uart.c(305): warning:  #550-D: variable "read_length" was set but never used
      uint16_t read_length = 0;
..\BSP\Src\bsp_uart.c: 1 warning, 0 errors
compiling bsp_init.c...
..\BSP\Src\bsp_init.c(94): warning:  #1-D: last line of file ends without a newline
  }
..\BSP\Src\bsp_init.c: 1 warning, 0 errors
compiling AHRS_middleware.c...
compiling pid.c...
compiling ramp.c...
compiling user_lib.c...
compiling kalman.c...
compiling kalman_filter.c...
compiling comm_protocol.c...
compiling crc.c...
compiling referee_system.c...
..\Components\Comm\referee_system.c(164): warning:  #1-D: last line of file ends without a newline
  }
..\Components\Comm\referee_system.c: 1 warning, 0 errors
compiling user_protocol.c...
compiling client_ui_base.c...
compiling vision_protocol.c...
compiling buzzer.c...
compiling BMI088driver.c...
compiling BMI088Middleware.c...
compiling imu_driver.c...
compiling ist8310driver.c...
compiling ist8310driver_middleware.c...
compiling blocked.c...
compiling motor.c...
compiling remote_control.c...
compiling rgb_led.c...
compiling soft_timer.c...
compiling fifo.c...
compiling app_init.c...
compiling comm_task.c...
..\Application\comm_task.c(13): warning:  #550-D: variable "comm_task_stack" was set but never used
  static uint32_t comm_task_stack = 0;
..\Application\comm_task.c: 1 warning, 0 errors
compiling detect_task.c...
..\Application\detect_task.c(16): warning:  #550-D: variable "detect_task_stack" was set but never used
  static uint32_t detect_task_stack = 0;
..\Application\detect_task.c: 1 warning, 0 errors
compiling imu_task.c...
..\Application\imu_task.c(27): warning:  #550-D: variable "imu_task_stack" was set but never used
  static uint32_t imu_task_stack = 0;
..\Application\imu_task.c: 1 warning, 0 errors
compiling infantry_console.c...
..\Application\infantry_console.c(431): warning:  #68-D: integer conversion resulted in a change of sign
                                        console.spin90_flag = -5;
..\Application\infantry_console.c(604): warning:  #1035-D: single-precision operand implicitly converted to double-precision
             console.Yaw_comps=console.Yaw_comps+0.1; 
..\Application\infantry_console.c(611): warning:  #1035-D: single-precision operand implicitly converted to double-precision
             console.Yaw_comps=console.Yaw_comps-0.1; 
..\Application\infantry_console.c(618): warning:  #1035-D: single-precision operand implicitly converted to double-precision
             console.Pitch_comps=console.Pitch_comps+0.1; 
..\Application\infantry_console.c(625): warning:  #1035-D: single-precision operand implicitly converted to double-precision
             console.Pitch_comps=console.Pitch_comps-0.1; 
..\Application\infantry_console.c(31): warning:  #550-D: variable "console_task_stack" was set but never used
  static uint32_t console_task_stack = 0;
..\Application\infantry_console.c: 6 warnings, 0 errors
compiling start_task.c...
..\Application\start_task.c(13): warning:  #550-D: variable "start_task_stack" was set but never used
  static uint32_t start_task_stack = 0;
..\Application\start_task.c: 1 warning, 0 errors
compiling timer_task.c...
..\Application\timer_task.c(13): warning:  #550-D: variable "timer_task_stack" was set but never used
  static uint32_t timer_task_stack = 0;
..\Application\timer_task.c: 1 warning, 0 errors
compiling gimbal_app.c...
..\Application\gimbal\gimbal_app.c(170): warning:  #223-D: function "sqrt" declared implicitly
        gimbal_handle.vision_tx_data->speed = sqrt(pow(console.chassis.vx,2) + pow(console.chassis.vy,2));
..\Application\gimbal\gimbal_app.c(170): warning:  #223-D: function "pow" declared implicitly
        gimbal_handle.vision_tx_data->speed = sqrt(pow(console.chassis.vx,2) + pow(console.chassis.vy,2));
..\Application\gimbal\gimbal_app.c: 2 warnings, 0 errors
compiling gimbal_function.c...
..\Application\gimbal\gimbal_function.c(159): warning:  #1035-D: single-precision operand implicitly converted to double-precision
      back_num = (0.17016 * pow(dcf,3)) - (1.47865 * pow(dcf,2)) + (5.02075 * dcf) - 4.90086;
..\Application\gimbal\gimbal_function.c(216): warning:  #1-D: last line of file ends without a newline
  }
..\Application\gimbal\gimbal_function.c: 2 warnings, 0 errors
compiling gimbal_task.c...
..\Application\gimbal\gimbal_task.c(267): warning:  #177-D: variable "pidi" was declared but never referenced
      static fp32 pidi = 0;
..\Application\gimbal\gimbal_task.c(468): warning:  #111-D: statement is unreachable
      Console_Pointer()->spin90_flag = 0;
..\Application\gimbal\gimbal_task.c(450): warning:  #177-D: variable "yaw_current" was declared but never referenced
          fp32 yaw_current=gimbal_handle.yaw_motor.sensor.gyro_angle;
..\Application\gimbal\gimbal_task.c(506): warning:  #1035-D: single-precision operand implicitly converted to double-precision
                        gimbal_handle.pitch_motor.given_value+= gimbal_handle.console->gimbal.pitch_v-((fp32)info->pitch+vision_comps_pitch)*VS_GIMBAL_MOVE_RATIO_PIT*0.05;
..\Application\gimbal\gimbal_task.c(509): warning:  #1035-D: single-precision operand implicitly converted to double-precision
                        gimbal_handle.yaw_motor.given_value  += gimbal_handle.console->gimbal.yaw_v+((fp32)info->yaw+vision_comps_yaw)*VS_GIMBAL_MOVE_RATIO_PIT*0.05; 
..\Application\gimbal\gimbal_task.c(838): warning:  #188-D: enumerated type mixed with another type
      vision_data.state = info->state;
..\Application\gimbal\gimbal_task.c(845): warning:  #1-D: last line of file ends without a newline
  }
..\Application\gimbal\gimbal_task.c(77): warning:  #177-D: variable "aim_shoot_flag" was declared but never referenced
  static uint8_t aim_shoot_flag=0;
..\Application\gimbal\gimbal_task.c(79): warning:  #177-D: variable "shoot_delay" was declared but never referenced
  static Aim_Shootdelay_t shoot_delay;
..\Application\gimbal\gimbal_task.c(113): warning:  #550-D: variable "gimbal_task_stack" was set but never used
  static uint32_t gimbal_task_stack = 0;
..\Application\gimbal\gimbal_task.c: 10 warnings, 0 errors
compiling shoot_task.c...
..\Application\gimbal\shoot_task.c(235): warning:  #177-D: variable "zero_angle" was declared but never referenced
      static fp32 zero_angle = 0.0f;
..\Application\gimbal\shoot_task.c(32): warning:  #550-D: variable "shoot_task_stack" was set but never used
  static uint32_t shoot_task_stack = 0;
..\Application\gimbal\shoot_task.c: 2 warnings, 0 errors
compiling chassis_app.c...
..\Application\chassis\chassis_app.c(214): warning:  #940-D: missing return statement at end of non-void function "ClientUI_Data"
  }
..\Application\chassis\chassis_app.c(43): warning:  #177-D: function "CAN2_UploadDataHook" was declared but never referenced
  static void CAN2_UploadDataHook(uint8_t *data, uint16_t len);
..\Application\chassis\chassis_app.c: 2 warnings, 0 errors
compiling chassis_function.c...
..\Application\chassis\chassis_function.c(103): warning:  #550-D: variable "chassis_power" was set but never used
      fp32 chassis_power = 0.0f;
..\Application\chassis\chassis_function.c(107): warning:  #177-D: variable "total_current_g" was declared but never referenced
      fp32 total_current_g=0.0f;
..\Application\chassis\chassis_function.c(108): warning:  #177-D: variable "chassis_power_comps" was declared but never referenced
          fp32 chassis_power_comps =2.5f;
..\Application\chassis\chassis_function.c: 3 warnings, 0 errors
compiling chassis_task.c...
..\Application\chassis\chassis_task.c(129): warning:  #550-D: variable "chassis_power" was set but never used
      static uint16_t chassis_power=0;
..\Application\chassis\chassis_task.c(254): warning:  #1035-D: single-precision operand implicitly converted to double-precision
          chassis_handle.vx = chassis_handle.console->chassis.vx*0.5;
..\Application\chassis\chassis_task.c(255): warning:  #1035-D: single-precision operand implicitly converted to double-precision
      chassis_handle.vy = chassis_handle.console->chassis.vy*0.5;
..\Application\chassis\chassis_task.c(260): warning:  #1035-D: single-precision operand implicitly converted to double-precision
          chassis_handle.vx = chassis_handle.console->chassis.vx*0.5;
..\Application\chassis\chassis_task.c(261): warning:  #1035-D: single-precision operand implicitly converted to double-precision
      chassis_handle.vy = chassis_handle.console->chassis.vy*0.5;
..\Application\chassis\chassis_task.c(22): warning:  #550-D: variable "chassis_task_stack" was set but never used
  static uint32_t chassis_task_stack = 0;
..\Application\chassis\chassis_task.c: 6 warnings, 0 errors
compiling stm32f4xx_hal_can.c...
compiling stm32f4xx_hal_rcc.c...
compiling stm32f4xx_hal_rcc_ex.c...
compiling stm32f4xx_hal_flash.c...
compiling stm32f4xx_hal_flash_ex.c...
compiling stm32f4xx_hal_flash_ramfunc.c...
compiling stm32f4xx_hal_gpio.c...
compiling stm32f4xx_hal_dma_ex.c...
compiling stm32f4xx_hal_dma.c...
compiling stm32f4xx_hal_pwr.c...
compiling stm32f4xx_hal_pwr_ex.c...
compiling stm32f4xx_hal_cortex.c...
compiling stm32f4xx_hal.c...
compiling stm32f4xx_hal_exti.c...
compiling stm32f4xx_hal_i2c.c...
compiling stm32f4xx_hal_i2c_ex.c...
compiling stm32f4xx_hal_spi.c...
compiling stm32f4xx_hal_tim.c...
compiling stm32f4xx_hal_tim_ex.c...
compiling stm32f4xx_hal_uart.c...
compiling system_stm32f4xx.c...
compiling croutine.c...
compiling event_groups.c...
compiling list.c...
compiling queue.c...
compiling stream_buffer.c...
compiling tasks.c...
compiling timers.c...
compiling cmsis_os.c...
compiling heap_4.c...
compiling port.c...
linking...
Program Size: Code=65368 RO-data=3852 RW-data=1312 ZI-data=45608  
FromELF: creating hex file...
"Infantry\Infantry.axf" - 0 Error(s), 41 Warning(s).
